<?xml version="1.0" encoding="UTF-8"?>
<testsuite xmlns:xsi="http://www.w3.org/2001/XMLSchema-instance" xsi:noNamespaceSchemaLocation="https://maven.apache.org/surefire/maven-surefire-plugin/xsd/surefire-test-report-3.0.xsd" version="3.0" name="TestSuite" time="11.266" tests="2" errors="0" skipped="0" failures="0">
  <properties>
[...]
</properties>
  <testcase name="runScenario[&quot;Book a flight with valid passenger details&quot;, &quot;Flight Booking on BlazeDemo&quot;](1)" classname="runner.TestRunner" time="8.161">
    <system-out><![CDATA[
Scenario: Book a flight with valid passenger details            &amp#27;[90m# src/test/resources/features/flightBooking.feature:3&amp#27;[0m
  &amp#27;[32mGiven &amp#27;[0m&amp#27;[32mI am on the BlazeDemo homepage&amp#27;[0m                          &amp#27;[90m# stepdefinitions.FlightBookingSteps.navigateToHomepage()&amp#27;[0m
  &amp#27;[32mWhen &amp#27;[0m&amp#27;[32mI verify departure and destination dropdowns are present&amp#27;[0m &amp#27;[90m# stepdefinitions.FlightBookingSteps.verifyDropdowns()&amp#27;[0m
  &amp#27;[32mAnd &amp#27;[0m&amp#27;[32mI select &amp#27;[0m&amp#27;[32m&amp#27;[1m"Boston"&amp#27;[0m&amp#27;[32m as departure city&amp#27;[0m                       &amp#27;[90m# stepdefinitions.FlightBookingSteps.selectDepartureCity(java.lang.String)&amp#27;[0m
  &amp#27;[32mAnd &amp#27;[0m&amp#27;[32mI select &amp#27;[0m&amp#27;[32m&amp#27;[1m"London"&amp#27;[0m&amp#27;[32m as destination city&amp#27;[0m                     &amp#27;[90m# stepdefinitions.FlightBookingSteps.selectDestinationCity(java.lang.String)&amp#27;[0m
  &amp#27;[32mAnd &amp#27;[0m&amp#27;[32mI click Find Flights button&amp#27;[0m                               &amp#27;[90m# stepdefinitions.FlightBookingSteps.clickFindFlights()&amp#27;[0m
  &amp#27;[32mThen &amp#27;[0m&amp#27;[32mI should be navigated to reserve page&amp#27;[0m                    &amp#27;[90m# stepdefinitions.FlightBookingSteps.verifyReservePage()&amp#27;[0m
  &amp#27;[32mWhen &amp#27;[0m&amp#27;[32mI select the first available flight&amp#27;[0m                      &amp#27;[90m# stepdefinitions.FlightBookingSteps.selectFirstFlight()&amp#27;[0m
  &amp#27;[32mThen &amp#27;[0m&amp#27;[32mI should be on purchase page&amp#27;[0m                             &amp#27;[90m# stepdefinitions.FlightBookingSteps.verifyPurchasePage()&amp#27;[0m
  &amp#27;[32mWhen &amp#27;[0m&amp#27;[32mI enter passenger details&amp#27;[0m                                &amp#27;[90m# stepdefinitions.FlightBookingSteps.enterPassengerDetails(io.cucumber.datatable.DataTable)&amp#27;[0m
    | Name       | Simpli Learn     |
    | Address    | 123 Test Street  |
    | City       | Boston           |
    | State      | MA               |
    | ZipCode    | 02108            |
    | CardType   | Visa             |
    | CardNum    | 4111111111111111 |
    | Month      | 12               |
    | Year       | 2025             |
    | NameOnCard | John Doe         |
  &amp#27;[32mAnd &amp#27;[0m&amp#27;[32mI click Purchase Flight button&amp#27;[0m                            &amp#27;[90m# stepdefinitions.FlightBookingSteps.clickPurchaseFlight()&amp#27;[0m
  &amp#27;[32mThen &amp#27;[0m&amp#27;[32mI should see confirmation message&amp#27;[0m                        &amp#27;[90m# stepdefinitions.FlightBookingSteps.verifyConfirmationMessage()&amp#27;[0m
]]></system-out>
  </testcase>
  <testcase name="testSearchFlights" classname="api.FlightReservationApiTest" time="1.847">
    <system-out><![CDATA[Search Response HTML:
<!doctype html>
<html lang="en">
<head>
    <meta charset="utf-8">
    <title>BlazeDemo - reserve</title>
    <meta name="description" content="BlazeMeter demo app">
    <meta name="sage" content="flights app">

    <script src="http://ajax.googleapis.com/ajax/libs/jquery/2.0.0/jquery.min.js"></script>
    <script src="/assets/bootstrap.min.js"></script>
    <script src="/assets/bootstrap-table.js"></script>
    <link href="/assets/bootstrap.min.css" rel="stylesheet" media="screen">
    <link href="/assets/bootstrap-table.css" rel="stylesheet" media="screen">
    <style type="text/css">
        body {
            background: #f5f5f5);
        }

        .hero-unit {
            background-color: #fff;
        }

        .center {
            display: block;
            margin: 0 auto;
        }
    </style>
</head>
<body>
    <div class="navbar navbar-inverse">
        <div class="navbar-inner">
            <div class="container">
                <a class="btn btn-navbar" data-toggle="collapse" data-target=".nav-collapse">
                    <span class="icon-bar"></span>
                    <span class="icon-bar"></span>
                    <span class="icon-bar"></span>
                </a>
                <a class="brand" href="index.php">Travel The World</a>
                <a class="brand" href="home">home</a>
            </div>
        </div>
    </div>
<div class="container">
    
        <h3>Flights from Paris to Buenos Aires: </h3>
    <table class="table">
        <thead>
        <tr>
            <th>Choose</th>
            <th>Flight #</th>
            <th>Airline</th>
            <th>Departs: Paris</th>
            <th>Arrives: Buenos Aires</th>
            <th>Price</th>
        </tr>
        </thead>
        <tbody>
        <tr>
            <form name="VA43" method="post" action="purchase.php">
                <td><input type="submit" class="btn btn-small" value="Choose This Flight"></td>
                <td>43</td>
                <td>Virgin America</td>
                <td>1:43 AM</td>
                <td>9:45 PM</td>
                <td>$472.56</td>
                <input type="hidden" value="43" name="flight">
                <input type="hidden" value="472.56" name="price">
                <input type="hidden" value="Virgin America" name="airline">
                <input type="hidden" name="fromPort" value="Paris"/>
                <input type="hidden" name="toPort" value="Buenos Aires"/>
            </form>
        </tr>
        <tr>
            <form name="UA234" method="post" action="purchase.php">
                <td><input type="submit" class="btn btn-small" value="Choose This Flight"></td>
                <td>234</td>
                <td>United Airlines</td>
                <td>7:43 AM</td>
                <td>10:45 PM</td>
                <td>$432.98</td>
                <input type="hidden" value="234" name="flight">
                <input type="hidden" value="432.98" name="price">
                <input type="hidden" value="United Airlines" name="airline">
                <input type="hidden" name="fromPort" value="Paris"/>
                <input type="hidden" name="toPort" value="Buenos Aires"/>
            </form>
        </tr>
        <tr>
            <form name="AL969" method="post" action="purchase.php">
                <td><input type="submit" class="btn btn-small" value="Choose This Flight"></td>
                <td>9696</td>
                <td>Aer Lingus</td>
                <td>5:27 AM</td>
                <td>8:22 PM</td>
                <td>$200.98</td>
                <input type="hidden" value="9696" name="flight">
                <input type="hidden" value="200.98" name="price">
                <input type="hidden" value="Aer Lingus" name="airline">
                <input type="hidden" name="fromPort" value="Paris"/>
                <input type="hidden" name="toPort" value="Buenos Aires"/>
            </form>

        </tr>
        <tr>
            <form name="VA12" method="post" action="purchase.php">
                <td><input type="submit" class="btn btn-small" value="Choose This Flight"></td>
                <td>12</td>
                <td>Virgin America</td>
                <td>11:23 AM</td>
                <td>1:45 PM</td>
                <td>$765.32</td>
                <input type="hidden" value="12" name="flight">
                <input type="hidden" value="765.32" name="price">
                <input type="hidden" value="Virgin America" name="airline">
                <input type="hidden" name="fromPort" value="Paris"/>
                <input type="hidden" name="toPort" value="Buenos Aires"/>
            </form>
        </tr>
        <tr>
            <form name="L4346" method="post" action="purchase.php">
                <td><input type="submit" class="btn btn-small" value="Choose This Flight"></td>
                <td>4346</td>
                <td>Lufthansa</td>
                <td>1:45 AM</td>
                <td>8:34 PM</td>
                <td>$233.98</td>
                <input type="hidden" value="4346" name="flight">
                <input type="hidden" value="233.98" name="price">
                <input type="hidden" value="Lufthansa" name="airline">
                <input type="hidden" name="fromPort" value="Paris"/>
                <input type="hidden" name="toPort" value="Buenos Aires"/>
            </form>
        </tr>
        </tbody>
    </table>
    <input type="hidden" name="fromPort" value="Paris"/>
    <input type="hidden" name="toPort" value="Buenos Aires"/>
    </div>
</div>

<!-- ProdPerfect script: last thing before the body closes -->
<script>
!function(name,path,ctx){
    var latest,prev=name!=='Keen'&&window.Keen?window.Keen:false;ctx[name]=ctx[name]||{ready:function(fn){var h=document.getElementsByTagName('head')[0],s=document.createElement('script'),w=window,loaded;s.onload=s.onreadystatechange=function(){if((s.readyState&&!(/^c|loade/.test(s.readyState)))||loaded){return}s.onload=s.onreadystatechange=null;loaded=1;latest=w.Keen;if(prev){w.Keen=prev}else{try{delete w.Keen}catch(e){w.Keen=void 0}}ctx[name]=latest;ctx[name].ready(fn)};s.async=1;s.src=path;h.appendChild(s)}}
  }('ProdPerfectKeen','https://blazemeter.trackinglibrary.prodperfect.com/keen-tracking.min.js',this);

  ProdPerfectKeen.ready(function () {
    var client = new ProdPerfectKeen({
      projectId: "lXviifSA1NskA4wsG9N6WoWg",
      writeKey: "8RWMCGFX4X0IRY1GHWDM3HM5WDSJF9LP62BSDULOL3XK7WAIFGDB7EU526O1A0UPLH1S8SJP320LUXJKCHLJX1822GU1KFE80CNW6PXVZ83IOO6LJ731EN164IFVUFMC8DOGYP2MXHN47WGVB192F2PTQRQXCF95OJWAKGOH9S69DZAI5OPJW8QSPDE6LQQ9",
      requestType: "beacon",
      host: "blazemeter.datapipe.prodperfect.com/v1",
    });
    client.extendEvents({
      visitor: {
        user_id: null,
      },
    });

    var options = {
      ignoreDisabledFormFields: false,
      recordClicks: true,
      recordFormSubmits: true,
      recordInputChanges: true,
      recordPageViews: true,
      recordPageUnloads: true,
      recordScrollState: true,
    };
    client.initAutoTracking(options);
  });
</script>
</body>
</html>

Table content:
Row 1: 43 Virgin America 1:43 AM 9:45 PM $472.56
Row 2: 234 United Airlines 7:43 AM 10:45 PM $432.98
Row 3: 9696 Aer Lingus 5:27 AM 8:22 PM $200.98
Row 4: 12 Virgin America 11:23 AM 1:45 PM $765.32
Row 5: 4346 Lufthansa 1:45 AM 8:34 PM $233.98
Parsed values:
Flight Number: [43]
Airline: [Virgin America]
Price: [472.56]
]]></system-out>
  </testcase>
</testsuite>